<?xml version="1.0" encoding="UTF-8"?>
<!-- Generated by org.testng.reporters.JUnitReportReporter -->
<testsuite hostname="INGUEUCLP000304" failures="0" tests="1" name="com.practice.nemsac.BaseClass" time="20.447" errors="0" timestamp="2020-03-29T19:16:48 IST" skipped="0">
  <testcase classname="com.practice.nemsac.BaseClass" name="f" time="20.447"/>
  <system-out/>
</testsuite> <!-- com.practice.nemsac.BaseClass -->
